mode: set
github.com/YanSystems/cms/pkg/services/content.go:13.90,13.91 0 0
github.com/YanSystems/cms/pkg/services/content.go:14.90,14.91 0 0
github.com/YanSystems/cms/pkg/services/content.go:15.90,15.91 0 0
github.com/YanSystems/cms/pkg/services/content.go:16.90,16.91 0 0
github.com/YanSystems/cms/pkg/services/content.go:17.90,17.91 0 0
github.com/YanSystems/cms/pkg/services/content.go:18.90,18.91 0 0
github.com/YanSystems/cms/pkg/services/content.go:19.90,19.91 0 0
github.com/YanSystems/cms/pkg/services/content.go:20.90,20.91 0 0
github.com/YanSystems/cms/pkg/utils/json/json.go:16.71,23.16 5 1
github.com/YanSystems/cms/pkg/utils/json/json.go:23.16,25.3 1 1
github.com/YanSystems/cms/pkg/utils/json/json.go:27.2,28.19 2 1
github.com/YanSystems/cms/pkg/utils/json/json.go:28.19,30.3 1 1
github.com/YanSystems/cms/pkg/utils/json/json.go:32.2,32.12 1 1
github.com/YanSystems/cms/pkg/utils/json/json.go:35.91,37.16 2 1
github.com/YanSystems/cms/pkg/utils/json/json.go:37.16,39.3 1 1
github.com/YanSystems/cms/pkg/utils/json/json.go:41.2,41.22 1 1
github.com/YanSystems/cms/pkg/utils/json/json.go:41.22,42.38 1 1
github.com/YanSystems/cms/pkg/utils/json/json.go:42.38,44.4 1 1
github.com/YanSystems/cms/pkg/utils/json/json.go:47.2,50.16 4 1
github.com/YanSystems/cms/pkg/utils/json/json.go:50.16,52.3 1 1
github.com/YanSystems/cms/pkg/utils/json/json.go:54.2,54.12 1 1
github.com/YanSystems/cms/pkg/utils/json/json.go:57.71,60.21 2 1
github.com/YanSystems/cms/pkg/utils/json/json.go:60.21,62.3 1 1
github.com/YanSystems/cms/pkg/utils/json/json.go:64.2,68.42 4 1
github.com/YanSystems/cms/pkg/utils/db/db.go:12.43,14.15 2 0
github.com/YanSystems/cms/pkg/utils/db/db.go:14.15,16.3 1 0
github.com/YanSystems/cms/pkg/utils/db/db.go:18.2,19.16 2 0
github.com/YanSystems/cms/pkg/utils/db/db.go:19.16,21.3 1 0
github.com/YanSystems/cms/pkg/utils/db/db.go:23.2,23.20 1 0
github.com/YanSystems/cms/cmd/api/api.go:22.43,35.69 3 1
github.com/YanSystems/cms/cmd/api/api.go:35.69,38.3 2 1
github.com/YanSystems/cms/cmd/api/api.go:40.2,52.15 10 1
github.com/YanSystems/cms/cmd/api/api.go:55.43,57.16 2 1
github.com/YanSystems/cms/cmd/api/api.go:57.16,59.3 1 0
github.com/YanSystems/cms/cmd/api/api.go:61.2,61.15 1 1
github.com/YanSystems/cms/cmd/api/api.go:61.15,62.59 1 1
github.com/YanSystems/cms/cmd/api/api.go:62.59,63.14 1 0
github.com/YanSystems/cms/cmd/api/api.go:67.2,76.15 5 1
github.com/YanSystems/cms/cmd/api/api.go:79.43,83.16 3 0
github.com/YanSystems/cms/cmd/api/api.go:83.16,86.3 2 0
github.com/YanSystems/cms/cmd/api/main.go:3.13,7.2 3 0
github.com/YanSystems/cms/pkg/utils/db/db.go:12.43,14.15 2 1
github.com/YanSystems/cms/pkg/utils/db/db.go:14.15,16.3 1 0
github.com/YanSystems/cms/pkg/utils/db/db.go:18.2,19.16 2 1
github.com/YanSystems/cms/pkg/utils/db/db.go:19.16,21.3 1 0
github.com/YanSystems/cms/pkg/utils/db/db.go:23.2,23.20 1 1
github.com/YanSystems/cms/pkg/repositories/content/delete.go:9.83,15.16 2 1
github.com/YanSystems/cms/pkg/repositories/content/delete.go:15.16,17.3 1 0
github.com/YanSystems/cms/pkg/repositories/content/delete.go:19.2,19.16 1 1
github.com/YanSystems/cms/pkg/repositories/content/delete.go:22.86,24.16 2 1
github.com/YanSystems/cms/pkg/repositories/content/delete.go:24.16,26.3 1 1
github.com/YanSystems/cms/pkg/repositories/content/delete.go:28.2,29.35 2 1
github.com/YanSystems/cms/pkg/repositories/content/delete.go:29.35,31.3 1 1
github.com/YanSystems/cms/pkg/repositories/content/delete.go:33.2,38.16 2 1
github.com/YanSystems/cms/pkg/repositories/content/delete.go:38.16,40.3 1 0
github.com/YanSystems/cms/pkg/repositories/content/delete.go:42.2,42.17 1 1
github.com/YanSystems/cms/pkg/repositories/content/delete.go:45.77,48.16 2 1
github.com/YanSystems/cms/pkg/repositories/content/delete.go:48.16,50.3 1 1
github.com/YanSystems/cms/pkg/repositories/content/delete.go:52.2,53.35 2 1
github.com/YanSystems/cms/pkg/repositories/content/delete.go:53.35,56.3 2 1
github.com/YanSystems/cms/pkg/repositories/content/delete.go:58.2,59.16 2 1
github.com/YanSystems/cms/pkg/repositories/content/delete.go:59.16,61.3 1 0
github.com/YanSystems/cms/pkg/repositories/content/delete.go:63.2,63.17 1 1
github.com/YanSystems/cms/pkg/repositories/content/get.go:13.89,14.17 1 1
github.com/YanSystems/cms/pkg/repositories/content/get.go:14.17,16.3 1 1
github.com/YanSystems/cms/pkg/repositories/content/get.go:18.2,25.16 3 1
github.com/YanSystems/cms/pkg/repositories/content/get.go:25.16,26.34 1 1
github.com/YanSystems/cms/pkg/repositories/content/get.go:26.34,28.4 1 1
github.com/YanSystems/cms/pkg/repositories/content/get.go:29.3,29.18 1 0
github.com/YanSystems/cms/pkg/repositories/content/get.go:32.2,32.22 1 1
github.com/YanSystems/cms/pkg/repositories/content/get.go:35.82,40.16 2 1
github.com/YanSystems/cms/pkg/repositories/content/get.go:40.16,42.3 1 1
github.com/YanSystems/cms/pkg/repositories/content/get.go:44.2,46.16 3 1
github.com/YanSystems/cms/pkg/repositories/content/get.go:46.16,48.3 1 0
github.com/YanSystems/cms/pkg/repositories/content/get.go:50.2,50.24 1 1
github.com/YanSystems/cms/pkg/repositories/content/get.go:50.24,52.3 1 1
github.com/YanSystems/cms/pkg/repositories/content/get.go:54.2,54.22 1 1
github.com/YanSystems/cms/pkg/repositories/content/get.go:57.91,62.16 2 1
github.com/YanSystems/cms/pkg/repositories/content/get.go:62.16,64.3 1 1
github.com/YanSystems/cms/pkg/repositories/content/get.go:66.2,68.16 3 1
github.com/YanSystems/cms/pkg/repositories/content/get.go:68.16,70.3 1 0
github.com/YanSystems/cms/pkg/repositories/content/get.go:72.2,72.24 1 1
github.com/YanSystems/cms/pkg/repositories/content/get.go:72.24,74.3 1 1
github.com/YanSystems/cms/pkg/repositories/content/get.go:76.2,76.22 1 1
github.com/YanSystems/cms/pkg/repositories/content/post.go:14.97,15.49 1 1
github.com/YanSystems/cms/pkg/repositories/content/post.go:15.49,17.3 1 1
github.com/YanSystems/cms/pkg/repositories/content/post.go:19.2,21.16 3 1
github.com/YanSystems/cms/pkg/repositories/content/post.go:21.16,23.3 1 1
github.com/YanSystems/cms/pkg/repositories/content/post.go:25.2,29.16 2 1
github.com/YanSystems/cms/pkg/repositories/content/post.go:29.16,31.3 1 0
github.com/YanSystems/cms/pkg/repositories/content/post.go:33.2,33.24 1 1
github.com/YanSystems/cms/pkg/repositories/content/post.go:36.49,39.2 2 1
github.com/YanSystems/cms/pkg/repositories/content/post.go:41.53,45.16 4 1
github.com/YanSystems/cms/pkg/repositories/content/post.go:45.16,46.56 1 1
github.com/YanSystems/cms/pkg/repositories/content/post.go:46.56,48.4 1 1
github.com/YanSystems/cms/pkg/repositories/content/post.go:50.2,50.12 1 1
github.com/YanSystems/cms/pkg/repositories/content/put.go:11.121,14.16 2 1
github.com/YanSystems/cms/pkg/repositories/content/put.go:14.16,16.3 1 1
github.com/YanSystems/cms/pkg/repositories/content/put.go:19.2,19.33 1 1
github.com/YanSystems/cms/pkg/repositories/content/put.go:19.33,21.3 1 1
github.com/YanSystems/cms/pkg/repositories/content/put.go:22.2,22.33 1 1
github.com/YanSystems/cms/pkg/repositories/content/put.go:22.33,24.3 1 1
github.com/YanSystems/cms/pkg/repositories/content/put.go:25.2,25.39 1 1
github.com/YanSystems/cms/pkg/repositories/content/put.go:25.39,27.3 1 1
github.com/YanSystems/cms/pkg/repositories/content/put.go:28.2,28.32 1 1
github.com/YanSystems/cms/pkg/repositories/content/put.go:28.32,30.3 1 1
github.com/YanSystems/cms/pkg/repositories/content/put.go:31.2,31.33 1 1
github.com/YanSystems/cms/pkg/repositories/content/put.go:31.33,33.3 1 1
github.com/YanSystems/cms/pkg/repositories/content/put.go:34.2,34.37 1 1
github.com/YanSystems/cms/pkg/repositories/content/put.go:34.37,36.3 1 1
github.com/YanSystems/cms/pkg/repositories/content/put.go:37.2,37.36 1 1
github.com/YanSystems/cms/pkg/repositories/content/put.go:37.36,39.3 1 1
github.com/YanSystems/cms/pkg/repositories/content/put.go:42.2,54.16 4 1
github.com/YanSystems/cms/pkg/repositories/content/put.go:54.16,56.3 1 0
github.com/YanSystems/cms/pkg/repositories/content/put.go:58.2,58.16 1 1
github.com/YanSystems/cms/pkg/utils/db/db.go:12.43,14.15 2 1
github.com/YanSystems/cms/pkg/utils/db/db.go:14.15,16.3 1 0
github.com/YanSystems/cms/pkg/utils/db/db.go:18.2,19.16 2 1
github.com/YanSystems/cms/pkg/utils/db/db.go:19.16,21.3 1 0
github.com/YanSystems/cms/pkg/utils/db/db.go:23.2,23.20 1 1
